2026-05-26 15:39:08 [INFO] === buscar_projetos_candidatos (expansão N=34 → N≈52) ===
2026-05-26 15:39:08 [INFO] 34 projetos do consolidado + 1 projetos com limitação técnica = 35 exclusões totais
2026-05-26 15:39:08 [INFO] 34 projetos do consolidado + 1 limitação técnica = 35 exclusões totais aplicadas
2026-05-26 15:40:24 [INFO] apache: 3128 repos encontrados, 107 batem critérios
2026-05-26 15:41:36 [INFO] google: 2877 repos encontrados, 22 batem critérios
2026-05-26 15:41:58 [INFO] googleapis: 898 repos encontrados, 3 batem critérios
2026-05-26 15:42:00 [INFO] bazelbuild: 69 repos encontrados, 1 batem critérios
2026-05-26 15:42:03 [INFO] firebase: 102 repos encontrados, 1 batem critérios
2026-05-26 15:42:05 [INFO] androidx: 10 repos encontrados, 1 batem critérios
2026-05-26 15:42:41 [INFO] GoogleCloudPlatform: 1484 repos encontrados, 3 batem critérios
2026-05-26 15:42:51 [INFO] google-deepmind: 389 repos encontrados, 0 batem critérios
2026-05-26 15:42:57 [INFO] Netflix: 234 repos encontrados, 14 batem critérios
2026-05-26 15:43:02 [INFO] uber: 171 repos encontrados, 3 batem critérios
2026-05-26 15:43:06 [INFO] linkedin: 136 repos encontrados, 5 batem critérios
2026-05-26 15:43:13 [INFO] square: 298 repos encontrados, 0 batem critérios
2026-05-26 15:43:13 [INFO] CSV salvo: /home/mateus/Documentos/artigos-tcc/repos/tcc/scripts-tcc/candidatos_expansao_v1.6.csv (129 candidatos)
2026-05-26 15:43:13 [INFO] ============================================================
2026-05-26 15:43:13 [INFO] RESUMO — 129 candidatos no total
2026-05-26 15:43:13 [INFO]   apache           92 candidatos
2026-05-26 15:43:13 [INFO]   google           23 candidatos
2026-05-26 15:43:13 [INFO]   descentralizado  14 candidatos
2026-05-26 15:43:13 [INFO] ------------------------------------------------------------
2026-05-26 15:43:13 [INFO] TOP 10 — apache
2026-05-26 15:43:13 [INFO]    25965★  apache/incubator-seata                   2026-05-26T16:01:12Z
2026-05-26 15:43:13 [INFO]    24802★  apache/skywalking                        2026-05-26T04:22:51Z
2026-05-26 15:43:13 [INFO]    22438★  apache/rocketmq                          2026-05-26T06:21:17Z
2026-05-26 15:43:13 [INFO]    20726★  apache/shardingsphere                    2026-05-26T17:42:18Z
2026-05-26 15:43:13 [INFO]    15552★  apache/hadoop                            2026-05-26T10:53:21Z
2026-05-26 15:43:13 [INFO]    15399★  apache/doris                             2026-05-26T15:24:58Z
2026-05-26 15:43:13 [INFO]    14283★  apache/dolphinscheduler                  2026-05-26T10:50:10Z
2026-05-26 15:43:13 [INFO]    14008★  apache/druid                             2026-05-25T19:04:27Z
2026-05-26 15:43:13 [INFO]     9402★  apache/jmeter                            2026-05-26T10:12:07Z
2026-05-26 15:43:13 [INFO]     9352★  apache/seatunnel                         2026-05-26T14:14:10Z
2026-05-26 15:43:13 [INFO] ------------------------------------------------------------
2026-05-26 15:43:13 [INFO] TOP 10 — google
2026-05-26 15:43:13 [INFO]    25427★  bazelbuild/bazel                         2026-05-26T18:39:52Z
2026-05-26 15:43:13 [INFO]    21924★  google/ExoPlayer                         2025-12-23T16:39:03Z
2026-05-26 15:43:13 [INFO]    12739★  google/guice                             2026-05-21T10:29:25Z
2026-05-26 15:43:13 [INFO]     8576★  google/tsunami-security-scanner          2026-05-11T18:14:58Z
2026-05-26 15:43:13 [INFO]     6134★  google/google-java-format                2026-05-19T14:59:35Z
2026-05-26 15:43:13 [INFO]     4318★  google/open-location-code                2026-03-30T16:23:12Z
2026-05-26 15:43:13 [INFO]     3990★  google/bundletool                        2025-12-15T20:10:39Z
2026-05-26 15:43:13 [INFO]     3054★  google/bindiff                           2026-05-07T08:02:51Z
2026-05-26 15:43:13 [INFO]     2821★  androidx/media                           2026-05-26T17:18:31Z
2026-05-26 15:43:13 [INFO]     2735★  google/copybara                          2026-05-25T12:09:54Z
2026-05-26 15:43:13 [INFO] ------------------------------------------------------------
2026-05-26 15:43:13 [INFO] TOP 10 — descentralizado
2026-05-26 15:43:13 [INFO]    24458★  Netflix/Hystrix                          2025-12-17T03:21:02Z
2026-05-26 15:43:13 [INFO]    14017★  Netflix/zuul                             2026-05-26T16:16:50Z
2026-05-26 15:43:13 [INFO]     4616★  Netflix/ribbon                           2025-12-17T00:32:09Z
2026-05-26 15:43:13 [INFO]     3781★  Netflix/maestro                          2026-05-14T21:27:15Z
2026-05-26 15:43:13 [INFO]     3352★  uber/AutoDispose                         2026-05-14T23:22:07Z
2026-05-26 15:43:13 [INFO]     2493★  Netflix/archaius                         2025-12-17T00:10:01Z
2026-05-26 15:43:13 [INFO]     1964★  linkedin/dexmaker                        2026-04-27T20:17:16Z
2026-05-26 15:43:13 [INFO]     1763★  Netflix/genie                            2026-01-31T05:09:10Z
2026-05-26 15:43:13 [INFO]     1684★  Netflix/metacat                          2026-05-05T00:51:12Z
2026-05-26 15:43:13 [INFO]     1528★  uber/okbuck                              2026-03-29T01:59:15Z
2026-05-26 15:43:13 [INFO] Concluído.
