2026-05-24 14:36:57 [INFO] === clonar_e_detectar_v17 — 30 projetos ===
2026-05-24 14:36:57 [INFO] [1/30] apache-skywalking-15
2026-05-24 14:36:57 [INFO] [skywalking] já clonado, fazendo fetch...
2026-05-24 14:36:59 [INFO] [skywalking] branch=master sha=40d95a1 data_commit=2026-05-24
2026-05-24 14:36:59 [INFO] [2/30] apache-rocketmq-16
2026-05-24 14:36:59 [INFO] [rocketmq] já clonado, fazendo fetch...
2026-05-24 14:37:01 [INFO] [rocketmq] branch=develop sha=1251c9a data_commit=2026-05-23
2026-05-24 14:37:01 [INFO] [3/30] apache-shardingsphere-17
2026-05-24 14:37:01 [INFO] [shardingsphere] já clonado, fazendo fetch...
2026-05-24 14:37:03 [INFO] [shardingsphere] branch=master sha=cc3ab13 data_commit=2026-05-24
2026-05-24 14:37:03 [INFO] [4/30] apache-hadoop-18
2026-05-24 14:37:03 [INFO] [hadoop] já clonado, fazendo fetch...
2026-05-24 14:37:05 [INFO] [hadoop] branch=trunk sha=46d02ca data_commit=2026-05-24
2026-05-24 14:37:05 [INFO] [5/30] apache-doris-19
2026-05-24 14:37:05 [INFO] [doris] já clonado, fazendo fetch...
2026-05-24 14:37:08 [INFO] [doris] branch=master sha=68d4eb3 data_commit=2026-05-23
2026-05-24 14:37:08 [INFO] [6/30] apache-dolphinscheduler-20
2026-05-24 14:37:08 [INFO] [dolphinscheduler] já clonado, fazendo fetch...
2026-05-24 14:37:10 [INFO] [dolphinscheduler] branch=dev sha=2cb705a data_commit=2026-05-24
2026-05-24 14:37:10 [INFO] [7/30] apache-druid-21
2026-05-24 14:37:10 [INFO] [druid] já clonado, fazendo fetch...
2026-05-24 14:37:12 [INFO] [druid] branch=master sha=06ef24c data_commit=2026-05-23
2026-05-24 14:37:12 [INFO] [8/30] apache-jmeter-22
2026-05-24 14:37:12 [INFO] [jmeter] já clonado, fazendo fetch...
2026-05-24 14:37:14 [INFO] [jmeter] branch=master sha=170647b data_commit=2026-04-08
2026-05-24 14:37:14 [INFO] [9/30] apache-seatunnel-23
2026-05-24 14:37:14 [INFO] [seatunnel] já clonado, fazendo fetch...
2026-05-24 14:37:17 [INFO] [seatunnel] branch=dev sha=1651f9f data_commit=2026-05-24
2026-05-24 14:37:17 [INFO] [10/30] apache-iceberg-24
2026-05-24 14:37:17 [INFO] [iceberg] já clonado, fazendo fetch...
2026-05-24 14:37:19 [INFO] [iceberg] branch=main sha=75fcb8d data_commit=2026-05-24
2026-05-24 14:37:19 [INFO] [11/30] google-bazel-12
2026-05-24 14:37:19 [INFO] [bazel] clonando https://github.com/bazelbuild/bazel.git ...
2026-05-24 14:42:25 [INFO] [bazel] branch=master sha=fdba6e6 data_commit=2026-05-22
2026-05-24 14:42:25 [INFO] [12/30] google-guice-13
2026-05-24 14:42:25 [INFO] [guice] clonando https://github.com/google/guice.git ...
2026-05-24 14:43:12 [INFO] [guice] branch=master sha=55a2b68 data_commit=2026-04-23
2026-05-24 14:43:12 [INFO] [13/30] google-tsunami-14
2026-05-24 14:43:12 [INFO] [tsunami-security-scanner] clonando https://github.com/google/tsunami-security-scanner.git ...
2026-05-24 14:43:15 [INFO] [tsunami-security-scanner] branch=master sha=f29c42a data_commit=2026-04-16
2026-05-24 14:43:15 [INFO] [14/30] google-google-java-format-15
2026-05-24 14:43:15 [INFO] [google-java-format] clonando https://github.com/google/google-java-format.git ...
2026-05-24 14:43:18 [INFO] [google-java-format] branch=master sha=d964ff1 data_commit=2026-05-19
2026-05-24 14:43:18 [INFO] [15/30] google-open-location-code-16
2026-05-24 14:43:18 [INFO] [open-location-code] clonando https://github.com/google/open-location-code.git ...
2026-05-24 14:43:23 [INFO] [open-location-code] branch=main sha=83986da data_commit=2025-06-20
2026-05-24 14:43:23 [INFO] [16/30] google-bundletool-17
2026-05-24 14:43:23 [INFO] [bundletool] clonando https://github.com/google/bundletool.git ...
2026-05-24 14:43:29 [INFO] [bundletool] branch=master sha=586a43a data_commit=2025-12-15
2026-05-24 14:43:29 [INFO] [17/30] google-bindiff-18
2026-05-24 14:43:29 [INFO] [bindiff] clonando https://github.com/google/bindiff.git ...
2026-05-24 14:45:32 [INFO] [bindiff] branch=main sha=1713700 data_commit=2026-05-07
2026-05-24 14:45:32 [INFO] [18/30] google-copybara-19
2026-05-24 14:45:32 [INFO] [copybara] clonando https://github.com/google/copybara.git ...
2026-05-24 14:45:39 [INFO] [copybara] branch=master sha=5a896d4 data_commit=2026-05-21
2026-05-24 14:45:39 [INFO] [19/30] google-jimfs-20
2026-05-24 14:45:39 [INFO] [jimfs] clonando https://github.com/google/jimfs.git ...
2026-05-24 14:45:45 [INFO] [jimfs] branch=master sha=31618bf data_commit=2026-05-08
2026-05-24 14:45:45 [INFO] [20/30] google-firebase-android-sdk-21
2026-05-24 14:45:45 [INFO] [firebase-android-sdk] clonando https://github.com/firebase/firebase-android-sdk.git ...
2026-05-24 14:46:28 [INFO] [firebase-android-sdk] branch=main sha=f5245c1 data_commit=2026-05-22
2026-05-24 14:46:28 [INFO] [21/30] netflix-hystrix-07
2026-05-24 14:46:28 [INFO] [Hystrix] já clonado, fazendo fetch...
2026-05-24 14:46:30 [INFO] [Hystrix] branch=master sha=5ce3bc5 data_commit=2025-12-16
2026-05-24 14:46:30 [INFO] [22/30] netflix-zuul-08
2026-05-24 14:46:30 [INFO] [zuul] já clonado, fazendo fetch...
2026-05-24 14:46:33 [INFO] [zuul] branch=master sha=05d5295 data_commit=2026-05-20
2026-05-24 14:46:33 [INFO] [23/30] netflix-ribbon-09
2026-05-24 14:46:33 [INFO] [ribbon] já clonado, fazendo fetch...
2026-05-24 14:46:34 [INFO] [ribbon] branch=master sha=2a55b5d data_commit=2025-12-16
2026-05-24 14:46:34 [INFO] [24/30] netflix-maestro-10
2026-05-24 14:46:34 [INFO] [maestro] clonando https://github.com/Netflix/maestro.git ...
2026-05-24 14:46:38 [INFO] [maestro] branch=main sha=a4c3b9a data_commit=2026-05-14
2026-05-24 14:46:38 [INFO] [25/30] netflix-archaius-11
2026-05-24 14:46:38 [INFO] [archaius] já clonado, fazendo fetch...
2026-05-24 14:46:40 [INFO] [archaius] branch=2.x sha=8629b76 data_commit=2025-12-16
2026-05-24 14:46:40 [INFO] [26/30] netflix-genie-12
2026-05-24 14:46:40 [INFO] [genie] clonando https://github.com/Netflix/genie.git ...
2026-05-24 14:47:59 [INFO] [genie] branch=master sha=81f36f9 data_commit=2025-08-05
2026-05-24 14:47:59 [INFO] [27/30] linkedin-dexmaker-04
2026-05-24 14:47:59 [INFO] [dexmaker] clonando https://github.com/linkedin/dexmaker.git ...
2026-05-24 14:48:04 [INFO] [dexmaker] branch=main sha=ff8bb50 data_commit=2026-04-27
2026-05-24 14:48:04 [INFO] [28/30] linkedin-parseq-05
2026-05-24 14:48:04 [INFO] [parseq] clonando https://github.com/linkedin/parseq.git ...
2026-05-24 14:48:08 [INFO] [parseq] branch=master sha=bbf8e71 data_commit=2025-07-28
2026-05-24 14:48:08 [INFO] [29/30] uber-autodispose-06
2026-05-24 14:48:08 [INFO] [AutoDispose] clonando https://github.com/uber/AutoDispose.git ...
2026-05-24 14:48:16 [INFO] [AutoDispose] branch=main sha=0c5b35e data_commit=2026-05-14
2026-05-24 14:48:16 [INFO] [30/30] uber-okbuck-07
2026-05-24 14:48:16 [INFO] [okbuck] clonando https://github.com/uber/okbuck.git ...
2026-05-24 14:48:25 [INFO] [okbuck] branch=master sha=87682cd data_commit=2026-03-28
2026-05-24 14:48:25 [INFO] ============================================================
2026-05-24 14:48:25 [INFO] RESUMO: 30 sucesso, 0 falhas
2026-05-24 14:48:25 [INFO] CSV: /home/mateus/Documentos/artigos-tcc/repos/tcc/scripts-tcc/clones_v17.csv
