INFO: Scanner configuration file: /home/mateus/Documentos/artigos-tcc/repos/tcc/sonarqube-docker/sonar-scanner-5.0.1.3006-linux/conf/sonar-scanner.properties
INFO: Project root configuration file: NONE
INFO: SonarScanner 5.0.1.3006
INFO: Java 17.0.7 Eclipse Adoptium (64-bit)
INFO: Linux 6.12.74+deb12-amd64 amd64
INFO: SONAR_SCANNER_OPTS=-Xss64m -Xmx4g
INFO: User cache: /home/mateus/.sonar/cache
INFO: Analyzing on SonarQube server 26.2.0.119303
INFO: Default locale: "pt_BR", source code encoding: "UTF-8"
WARN: Java 17 scanner support ends with SonarQube 2026.3 (July 2026). Please upgrade to Java 21 or newer, or use JRE auto-provisioning to keep this requirement always up to date.
INFO: Load global settings
INFO: Load global settings (done) | time=52ms
INFO: Server id: 147B411E-AZxiei4aNYKBggPWvmPT
INFO: Loading required plugins
INFO: Load plugins index
INFO: Load plugins index (done) | time=26ms
INFO: Load/download plugins
INFO: Load/download plugins (done) | time=14ms
INFO: Process project properties
INFO: Process project properties (done) | time=10ms
INFO: Project key: apache-lucene-10
INFO: Base dir: /home/mateus/Documentos/artigos-tcc/repos/tcc/projetos-clonados/lucene
INFO: Working dir: /home/mateus/Documentos/artigos-tcc/repos/tcc/projetos-clonados/lucene/.scannerwork
INFO: Load project settings for component key: 'apache-lucene-10'
INFO: Load project settings for component key: 'apache-lucene-10' (done) | time=13ms
INFO: Load quality profiles
INFO: Load quality profiles (done) | time=59ms
INFO: Load active rules
INFO: Load active rules (done) | time=321ms
INFO: Load analysis cache
INFO: Load analysis cache (820 bytes) | time=10ms
INFO: Preprocessing files...
INFO: 3 languages detected in 4025 preprocessed files (done) | time=479ms
INFO: Loading plugins for detected languages
INFO: Load/download plugins
INFO: Load/download plugins (done) | time=9ms
INFO: Load project repositories
INFO: Load project repositories (done) | time=64ms
INFO: Indexing files...
INFO: Project configuration:
INFO: 4025 files indexed (done) | time=53ms
INFO: Quality profile for java: Sonar way
INFO: Quality profile for py: Sonar way
INFO: Quality profile for web: Sonar way
INFO: ------------- Run sensors on module lucene
INFO: Load metrics repository
INFO: Load metrics repository (done) | time=19ms
INFO: Reflections took 56 ms to scan 1 urls, producing 24 keys and 257 values
INFO: Sensor JavaSensor [java]
INFO: Configured Java source version (sonar.java.source): 21, preview features enabled (sonar.java.enablePreview): false
INFO: Server-side caching is enabled. The Java analyzer will not try to leverage data from a previous analysis.
INFO: Using ECJ batch to parse 3961 Main java source files with batch size 214 KB.
INFO: Starting batch processing.
INFO: The Java analyzer cannot skip unchanged files in this context. A full analysis is performed for all files.
INFO: 100% analyzed
INFO: Batch processing: Done.
INFO: Did not optimize analysis for any files, performed a full analysis for all 3961 files.
WARN: Dependencies/libraries were not provided for analysis of SOURCE files. The 'sonar.java.libraries' property is empty. Verify your configuration, as you might end up with less precise results.
WARN: Unresolved imports/types have been detected during analysis. Enable DEBUG mode to see them.
WARN: Use of preview features have been detected during analysis. Enable DEBUG mode to see them.
INFO: No "Test" source files to scan.
INFO: No "Generated" source files to scan.
INFO: Sensor JavaSensor [java] (done) | time=159643ms
INFO: Sensor Python Sensor [python]
WARN: Your code is analyzed as compatible with all Python 3 versions by default. You can get a more precise analysis by setting the exact Python version in your configuration via the parameter "sonar.python.version"
INFO: Starting global symbols computation
INFO: 12 source files to be analyzed
INFO: 12/12 source files have been analyzed
INFO: Finished step global symbols computation in 212ms
INFO: Starting rules execution
INFO: 12 source files to be analyzed
INFO: 12/12 source files have been analyzed
INFO: Finished step rules execution in 504ms
INFO: The Python analyzer was able to leverage cached data from previous analyses for 0 out of 12 files. These files were not parsed.
INFO: Sensor Python Sensor [python] (done) | time=822ms
INFO: Sensor Cobertura Sensor for Python coverage [python]
INFO: Sensor Cobertura Sensor for Python coverage [python] (done) | time=171ms
INFO: Sensor PythonXUnitSensor [python]
INFO: Sensor PythonXUnitSensor [python] (done) | time=166ms
INFO: Sensor Python Dependency Sensor [python]
INFO: Sensor Python Dependency Sensor [python] (done) | time=3ms
INFO: Sensor SurefireSensor [java]
INFO: parsing [/home/mateus/Documentos/artigos-tcc/repos/tcc/projetos-clonados/lucene/target/surefire-reports]
INFO: Sensor SurefireSensor [java] (done) | time=0ms
INFO: Sensor HTML [web]
INFO: Sensor HTML [web] (done) | time=132ms
INFO: Sensor JaCoCo XML Report Importer [jacoco]
INFO: 'sonar.coverage.jacoco.xmlReportPaths' is not defined. Using default locations: target/site/jacoco/jacoco.xml,target/site/jacoco-it/jacoco.xml,build/reports/jacoco/test/jacocoTestReport.xml
INFO: No report imported, no coverage information will be imported by JaCoCo XML Report Importer
INFO: Sensor JaCoCo XML Report Importer [jacoco] (done) | time=0ms
INFO: Sensor IaC hadolint report Sensor [iac]
INFO: Sensor IaC hadolint report Sensor [iac] (done) | time=1ms
INFO: Sensor Java Config Sensor [iac]
INFO: There are no files to be analyzed for the Java language
INFO: Sensor Java Config Sensor [iac] (done) | time=32ms
INFO: Sensor IaC Docker Sensor [iac]
INFO: There are no files to be analyzed for the Docker language
INFO: Sensor IaC Docker Sensor [iac] (done) | time=30ms
INFO: Sensor JavaScript inside HTML analysis [javascript]
INFO: Detected os: Linux arch: amd64 alpine: false. Platform: LINUX_X64
INFO: Deploy location /home/mateus/.sonar/js/node-runtime, tagetRuntime: /home/mateus/.sonar/js/node-runtime/node,  version: /home/mateus/.sonar/js/node-runtime/version.txt
INFO: Using embedded Node.js runtime.
INFO: Using Node.js executable: '/home/mateus/.sonar/js/node-runtime/node'.
INFO: Memory configuration: OS (29790 MB), Node.js (4288 MB).
INFO: WebSocket client connected on /ws
INFO: 34 source files to be analyzed
INFO: Plugin version: [11.8.0.37897]
INFO: 34/34 source files have been analyzed
INFO: Hit the cache for 0 out of 34
INFO: Miss the cache for 34 out of 34: ANALYSIS_MODE_INELIGIBLE [34/34]
INFO: Sensor JavaScript inside HTML analysis [javascript] (done) | time=2801ms
INFO: Sensor CSS Rules [javascript]
INFO: 34 source files to be analyzed
INFO: 34/34 source files have been analyzed
INFO: Hit the cache for 0 out of 0
INFO: Miss the cache for 0 out of 0
INFO: Sensor CSS Rules [javascript] (done) | time=164ms
INFO: Sensor TextAndSecretsSensor [text]
INFO: Available processors: 16
INFO: Using 16 threads for analysis.
INFO: The property "sonar.tests" is not set. To improve the analysis accuracy, we categorize a file as a test file if any of the following is true:
  * The filename starts with "test"
  * The filename contains "test." or "tests."
  * Any directory in the file path is named: "doc", "docs", "test", "tests", "mock" or "mocks"
  * Any directory in the file path has a name ending in "test" or "tests"

INFO: Start fetching files for the text and secrets analysis
INFO: Using Git CLI to retrieve dirty files
INFO: Retrieving language associated files and files included via "sonar.text.inclusions" that are tracked by git
INFO: Starting the text and secrets analysis
INFO: 4007 source files to be analyzed for the text and secrets analysis
INFO: 4007/4007 source files have been analyzed for the text and secrets analysis
INFO: Sensor TextAndSecretsSensor [text] (done) | time=1515ms
INFO: ------------- Run sensors on project
INFO: Sensor JavaProjectSensor [java]
INFO: Sensor JavaProjectSensor [java] (done) | time=1ms
INFO: Sensor Zero Coverage Sensor
INFO: Sensor Zero Coverage Sensor (done) | time=216ms
INFO: Sensor Java CPD Block Indexer
INFO: Sensor Java CPD Block Indexer (done) | time=2240ms
INFO: ------------- Gather SCA dependencies on project
INFO: Dependency analysis skipped
INFO: SCM Publisher is disabled
INFO: CPD Executor 820 files had no CPD blocks
INFO: CPD Executor Calculating CPD for 3187 files
WARN: Too many duplication references on file lucene/analysis/common/src/java/org/tartarus/snowball/ext/SerbianStemmer.java for block at line 2285. Keep only the first 100 references.
WARN: Too many duplication references on file lucene/analysis/common/src/java/org/tartarus/snowball/ext/SerbianStemmer.java for block at line 2287. Keep only the first 100 references.
WARN: Too many duplication references on file lucene/analysis/common/src/java/org/tartarus/snowball/ext/SerbianStemmer.java for block at line 2287. Keep only the first 100 references.
WARN: Too many duplication references on file lucene/analysis/common/src/java/org/tartarus/snowball/ext/SerbianStemmer.java for block at line 2285. Keep only the first 100 references.
WARN: Too many duplication references on file lucene/analysis/common/src/java/org/tartarus/snowball/ext/SerbianStemmer.java for block at line 2285. Keep only the first 100 references.
WARN: Too many duplication references on file lucene/analysis/common/src/java/org/tartarus/snowball/ext/SerbianStemmer.java for block at line 2287. Keep only the first 100 references.
WARN: Too many duplication references on file lucene/analysis/common/src/java/org/tartarus/snowball/ext/SerbianStemmer.java for block at line 2285. Keep only the first 100 references.
WARN: Too many duplication references on file lucene/analysis/common/src/java/org/tartarus/snowball/ext/SerbianStemmer.java for block at line 2287. Keep only the first 100 references.
WARN: Too many duplication references on file lucene/analysis/common/src/java/org/tartarus/snowball/ext/SerbianStemmer.java for block at line 2285. Keep only the first 100 references.
WARN: Too many duplication references on file lucene/analysis/common/src/java/org/tartarus/snowball/ext/SerbianStemmer.java for block at line 2287. Keep only the first 100 references.
WARN: Too many duplication references on file lucene/analysis/common/src/java/org/tartarus/snowball/ext/SerbianStemmer.java for block at line 2285. Keep only the first 100 references.
WARN: Too many duplication references on file lucene/analysis/common/src/java/org/tartarus/snowball/ext/SerbianStemmer.java for block at line 2287. Keep only the first 100 references.
WARN: Too many duplication references on file lucene/analysis/common/src/java/org/tartarus/snowball/ext/SerbianStemmer.java for block at line 2285. Keep only the first 100 references.
WARN: Too many duplication references on file lucene/analysis/common/src/java/org/tartarus/snowball/ext/SerbianStemmer.java for block at line 2287. Keep only the first 100 references.
WARN: Too many duplication references on file lucene/analysis/common/src/java/org/tartarus/snowball/ext/SerbianStemmer.java for block at line 2285. Keep only the first 100 references.
WARN: Too many duplication references on file lucene/analysis/common/src/java/org/tartarus/snowball/ext/SerbianStemmer.java for block at line 2287. Keep only the first 100 references.
WARN: Too many duplication references on file lucene/analysis/common/src/java/org/tartarus/snowball/ext/SerbianStemmer.java for block at line 2285. Keep only the first 100 references.
WARN: Too many duplication references on file lucene/analysis/common/src/java/org/tartarus/snowball/ext/SerbianStemmer.java for block at line 2287. Keep only the first 100 references.
WARN: Too many duplication references on file lucene/analysis/common/src/java/org/tartarus/snowball/ext/SerbianStemmer.java for block at line 2285. Keep only the first 100 references.
WARN: Too many duplication references on file lucene/analysis/common/src/java/org/tartarus/snowball/ext/SerbianStemmer.java for block at line 2287. Keep only the first 100 references.
WARN: Too many duplication references on file lucene/analysis/common/src/java/org/tartarus/snowball/ext/SerbianStemmer.java for block at line 2285. Keep only the first 100 references.
WARN: Too many duplication references on file lucene/analysis/common/src/java/org/tartarus/snowball/ext/SerbianStemmer.java for block at line 2287. Keep only the first 100 references.
WARN: Too many duplication references on file lucene/analysis/common/src/java/org/tartarus/snowball/ext/SerbianStemmer.java for block at line 2285. Keep only the first 100 references.
WARN: Too many duplication references on file lucene/analysis/common/src/java/org/tartarus/snowball/ext/SerbianStemmer.java for block at line 2285. Keep only the first 100 references.
WARN: Too many duplication references on file lucene/analysis/common/src/java/org/tartarus/snowball/ext/SerbianStemmer.java for block at line 2287. Keep only the first 100 references.
WARN: Too many duplication references on file lucene/analysis/common/src/java/org/tartarus/snowball/ext/SerbianStemmer.java for block at line 2285. Keep only the first 100 references.
WARN: Too many duplication references on file lucene/analysis/common/src/java/org/tartarus/snowball/ext/SerbianStemmer.java for block at line 2287. Keep only the first 100 references.
WARN: Too many duplication references on file lucene/analysis/common/src/java/org/tartarus/snowball/ext/SerbianStemmer.java for block at line 2285. Keep only the first 100 references.
WARN: Too many duplication references on file lucene/analysis/common/src/java/org/tartarus/snowball/ext/SerbianStemmer.java for block at line 2287. Keep only the first 100 references.
WARN: Too many duplication references on file lucene/analysis/common/src/java/org/tartarus/snowball/ext/SerbianStemmer.java for block at line 2285. Keep only the first 100 references.
WARN: Too many duplication references on file lucene/analysis/common/src/java/org/tartarus/snowball/ext/LithuanianStemmer.java for block at line 366. Keep only the first 100 references.
WARN: Too many duplication references on file lucene/analysis/common/src/java/org/tartarus/snowball/ext/LithuanianStemmer.java for block at line 368. Keep only the first 100 references.
WARN: Too many duplication references on file lucene/analysis/common/src/java/org/tartarus/snowball/ext/LithuanianStemmer.java for block at line 366. Keep only the first 100 references.
WARN: Too many duplication references on file lucene/analysis/common/src/java/org/tartarus/snowball/ext/LithuanianStemmer.java for block at line 368. Keep only the first 100 references.
WARN: Too many duplication references on file lucene/analysis/common/src/java/org/tartarus/snowball/ext/LithuanianStemmer.java for block at line 366. Keep only the first 100 references.
WARN: Too many duplication references on file lucene/analysis/common/src/java/org/tartarus/snowball/ext/LithuanianStemmer.java for block at line 368. Keep only the first 100 references.
WARN: Too many duplication references on file lucene/analysis/common/src/java/org/tartarus/snowball/ext/LithuanianStemmer.java for block at line 366. Keep only the first 100 references.
WARN: Too many duplication references on file lucene/analysis/common/src/java/org/tartarus/snowball/ext/RomanianStemmer.java for block at line 644. Keep only the first 100 references.
WARN: Too many duplication references on file lucene/analysis/common/src/java/org/tartarus/snowball/ext/RomanianStemmer.java for block at line 646. Keep only the first 100 references.
WARN: Too many duplication references on file lucene/analysis/common/src/java/org/tartarus/snowball/ext/RomanianStemmer.java for block at line 644. Keep only the first 100 references.
WARN: Too many duplication references on file lucene/analysis/common/src/java/org/tartarus/snowball/ext/PorterStemmer.java for block at line 269. Keep only the first 100 references.
WARN: Too many duplication references on file lucene/analysis/common/src/java/org/tartarus/snowball/ext/PorterStemmer.java for block at line 271. Keep only the first 100 references.
WARN: Too many duplication references on file lucene/analysis/common/src/java/org/tartarus/snowball/ext/PorterStemmer.java for block at line 269. Keep only the first 100 references.
WARN: Too many duplication references on file lucene/analysis/common/src/java/org/tartarus/snowball/ext/PorterStemmer.java for block at line 271. Keep only the first 100 references.
WARN: Too many duplication references on file lucene/analysis/common/src/java/org/tartarus/snowball/ext/PorterStemmer.java for block at line 269. Keep only the first 100 references.
WARN: Too many duplication references on file lucene/analysis/common/src/java/org/tartarus/snowball/ext/PorterStemmer.java for block at line 271. Keep only the first 100 references.
WARN: Too many duplication references on file lucene/analysis/common/src/java/org/tartarus/snowball/ext/PorterStemmer.java for block at line 269. Keep only the first 100 references.
WARN: Too many duplication references on file lucene/analysis/common/src/java/org/tartarus/snowball/ext/PorterStemmer.java for block at line 271. Keep only the first 100 references.
WARN: Too many duplication references on file lucene/analysis/common/src/java/org/tartarus/snowball/ext/PorterStemmer.java for block at line 269. Keep only the first 100 references.
WARN: Too many duplication references on file lucene/analysis/common/src/java/org/tartarus/snowball/ext/PorterStemmer.java for block at line 269. Keep only the first 100 references.
WARN: Too many duplication references on file lucene/analysis/common/src/java/org/tartarus/snowball/ext/PorterStemmer.java for block at line 271. Keep only the first 100 references.
WARN: Too many duplication references on file lucene/analysis/common/src/java/org/tartarus/snowball/ext/PorterStemmer.java for block at line 269. Keep only the first 100 references.
WARN: Too many duplication references on file lucene/analysis/common/src/java/org/tartarus/snowball/ext/PorterStemmer.java for block at line 271. Keep only the first 100 references.
WARN: Too many duplication references on file lucene/analysis/common/src/java/org/tartarus/snowball/ext/PorterStemmer.java for block at line 269. Keep only the first 100 references.
WARN: Too many duplication references on file lucene/analysis/common/src/java/org/tartarus/snowball/ext/PorterStemmer.java for block at line 271. Keep only the first 100 references.
WARN: Too many duplication references on file lucene/analysis/common/src/java/org/tartarus/snowball/ext/PorterStemmer.java for block at line 269. Keep only the first 100 references.
WARN: Too many duplication groups on file lucene/backward-codecs/src/java/org/apache/lucene/backward_codecs/lucene90/Lucene90PostingsReader.java. Keep only the first 100 groups.
WARN: Too many duplication references on file lucene/analysis/common/src/java/org/tartarus/snowball/ext/EnglishStemmer.java for block at line 545. Keep only the first 100 references.
WARN: Too many duplication references on file lucene/analysis/common/src/java/org/tartarus/snowball/ext/EnglishStemmer.java for block at line 547. Keep only the first 100 references.
WARN: Too many duplication references on file lucene/analysis/common/src/java/org/tartarus/snowball/ext/EnglishStemmer.java for block at line 545. Keep only the first 100 references.
WARN: Too many duplication references on file lucene/analysis/common/src/java/org/tartarus/snowball/ext/EnglishStemmer.java for block at line 547. Keep only the first 100 references.
WARN: Too many duplication references on file lucene/analysis/common/src/java/org/tartarus/snowball/ext/EnglishStemmer.java for block at line 545. Keep only the first 100 references.
WARN: Too many duplication references on file lucene/analysis/common/src/java/org/tartarus/snowball/ext/EnglishStemmer.java for block at line 547. Keep only the first 100 references.
WARN: Too many duplication references on file lucene/analysis/common/src/java/org/tartarus/snowball/ext/EnglishStemmer.java for block at line 545. Keep only the first 100 references.
WARN: Too many duplication references on file lucene/analysis/common/src/java/org/tartarus/snowball/ext/EnglishStemmer.java for block at line 545. Keep only the first 100 references.
WARN: Too many duplication references on file lucene/analysis/common/src/java/org/tartarus/snowball/ext/EnglishStemmer.java for block at line 547. Keep only the first 100 references.
WARN: Too many duplication references on file lucene/analysis/common/src/java/org/tartarus/snowball/ext/EnglishStemmer.java for block at line 545. Keep only the first 100 references.
WARN: Too many duplication references on file lucene/analysis/common/src/java/org/tartarus/snowball/ext/EnglishStemmer.java for block at line 547. Keep only the first 100 references.
WARN: Too many duplication references on file lucene/analysis/common/src/java/org/tartarus/snowball/ext/EnglishStemmer.java for block at line 545. Keep only the first 100 references.
WARN: Too many duplication references on file lucene/analysis/common/src/java/org/tartarus/snowball/ext/EnglishStemmer.java for block at line 547. Keep only the first 100 references.
WARN: Too many duplication references on file lucene/analysis/common/src/java/org/tartarus/snowball/ext/EnglishStemmer.java for block at line 545. Keep only the first 100 references.
WARN: Too many duplication references on file lucene/analysis/common/src/java/org/tartarus/snowball/ext/GreekStemmer.java for block at line 1137. Keep only the first 100 references.
WARN: Too many duplication references on file lucene/analysis/common/src/java/org/tartarus/snowball/ext/GreekStemmer.java for block at line 1139. Keep only the first 100 references.
WARN: Too many duplication references on file lucene/analysis/common/src/java/org/tartarus/snowball/ext/GreekStemmer.java for block at line 1137. Keep only the first 100 references.
WARN: Too many duplication references on file lucene/analysis/common/src/java/org/tartarus/snowball/ext/GreekStemmer.java for block at line 1139. Keep only the first 100 references.
WARN: Too many duplication references on file lucene/analysis/common/src/java/org/tartarus/snowball/ext/GreekStemmer.java for block at line 1137. Keep only the first 100 references.
WARN: Too many duplication references on file lucene/analysis/common/src/java/org/tartarus/snowball/ext/GreekStemmer.java for block at line 1139. Keep only the first 100 references.
WARN: Too many duplication references on file lucene/analysis/common/src/java/org/tartarus/snowball/ext/GreekStemmer.java for block at line 1137. Keep only the first 100 references.
WARN: Too many duplication references on file lucene/analysis/common/src/java/org/tartarus/snowball/ext/GreekStemmer.java for block at line 1139. Keep only the first 100 references.
WARN: Too many duplication references on file lucene/analysis/common/src/java/org/tartarus/snowball/ext/GreekStemmer.java for block at line 1137. Keep only the first 100 references.
WARN: Too many duplication references on file lucene/analysis/common/src/java/org/tartarus/snowball/ext/GreekStemmer.java for block at line 1139. Keep only the first 100 references.
WARN: Too many duplication references on file lucene/analysis/common/src/java/org/tartarus/snowball/ext/GreekStemmer.java for block at line 1137. Keep only the first 100 references.
WARN: Too many duplication references on file lucene/analysis/common/src/java/org/tartarus/snowball/ext/GreekStemmer.java for block at line 1139. Keep only the first 100 references.
WARN: Too many duplication references on file lucene/analysis/common/src/java/org/tartarus/snowball/ext/GreekStemmer.java for block at line 1137. Keep only the first 100 references.
WARN: Too many duplication references on file lucene/analysis/common/src/java/org/tartarus/snowball/ext/GreekStemmer.java for block at line 1139. Keep only the first 100 references.
WARN: Too many duplication references on file lucene/analysis/common/src/java/org/tartarus/snowball/ext/GreekStemmer.java for block at line 1137. Keep only the first 100 references.
WARN: Too many duplication references on file lucene/analysis/common/src/java/org/tartarus/snowball/ext/GreekStemmer.java for block at line 1139. Keep only the first 100 references.
WARN: Too many duplication references on file lucene/analysis/common/src/java/org/tartarus/snowball/ext/GreekStemmer.java for block at line 1137. Keep only the first 100 references.
WARN: Too many duplication references on file lucene/analysis/common/src/java/org/tartarus/snowball/ext/GreekStemmer.java for block at line 1137. Keep only the first 100 references.
WARN: Too many duplication references on file lucene/analysis/common/src/java/org/tartarus/snowball/ext/GreekStemmer.java for block at line 1139. Keep only the first 100 references.
WARN: Too many duplication references on file lucene/analysis/common/src/java/org/tartarus/snowball/ext/GreekStemmer.java for block at line 1137. Keep only the first 100 references.
WARN: Too many duplication references on file lucene/analysis/common/src/java/org/tartarus/snowball/ext/GreekStemmer.java for block at line 1139. Keep only the first 100 references.
WARN: Too many duplication references on file lucene/analysis/common/src/java/org/tartarus/snowball/ext/GreekStemmer.java for block at line 1137. Keep only the first 100 references.
WARN: Too many duplication references on file lucene/analysis/common/src/java/org/tartarus/snowball/ext/GreekStemmer.java for block at line 1139. Keep only the first 100 references.
WARN: Too many duplication references on file lucene/analysis/common/src/java/org/tartarus/snowball/ext/GreekStemmer.java for block at line 1137. Keep only the first 100 references.
WARN: Too many duplication groups on file lucene/test-framework/src/java/org/apache/lucene/tests/analysis/standard/WordBreakTestUnicode_12_1_0.java. Keep only the first 100 groups.
WARN: Too many duplication references on file lucene/test-framework/src/java/org/apache/lucene/tests/analysis/standard/WordBreakTestUnicode_12_1_0.java for block at line 196. Keep only the first 100 references.
WARN: Too many duplication references on file lucene/test-framework/src/java/org/apache/lucene/tests/analysis/standard/WordBreakTestUnicode_12_1_0.java for block at line 196. Keep only the first 100 references.
WARN: Too many duplication references on file lucene/test-framework/src/java/org/apache/lucene/tests/analysis/standard/WordBreakTestUnicode_12_1_0.java for block at line 196. Keep only the first 100 references.
WARN: Too many duplication references on file lucene/test-framework/src/java/org/apache/lucene/tests/analysis/standard/WordBreakTestUnicode_12_1_0.java for block at line 196. Keep only the first 100 references.
WARN: Too many duplication references on file lucene/analysis/common/src/java/org/tartarus/snowball/ext/EstonianStemmer.java for block at line 849. Keep only the first 100 references.
WARN: Too many duplication references on file lucene/analysis/common/src/java/org/tartarus/snowball/ext/EstonianStemmer.java for block at line 851. Keep only the first 100 references.
WARN: Too many duplication references on file lucene/analysis/common/src/java/org/tartarus/snowball/ext/EstonianStemmer.java for block at line 849. Keep only the first 100 references.
WARN: Too many duplication references on file lucene/analysis/common/src/java/org/tartarus/snowball/ext/EstonianStemmer.java for block at line 851. Keep only the first 100 references.
WARN: Too many duplication references on file lucene/analysis/common/src/java/org/tartarus/snowball/ext/EstonianStemmer.java for block at line 849. Keep only the first 100 references.
WARN: Too many duplication references on file lucene/analysis/common/src/java/org/tartarus/snowball/ext/EstonianStemmer.java for block at line 851. Keep only the first 100 references.
WARN: Too many duplication references on file lucene/analysis/common/src/java/org/tartarus/snowball/ext/EstonianStemmer.java for block at line 849. Keep only the first 100 references.
WARN: Too many duplication references on file lucene/analysis/common/src/java/org/tartarus/snowball/ext/EstonianStemmer.java for block at line 851. Keep only the first 100 references.
WARN: Too many duplication references on file lucene/analysis/common/src/java/org/tartarus/snowball/ext/EstonianStemmer.java for block at line 849. Keep only the first 100 references.
WARN: Too many duplication references on file lucene/analysis/common/src/java/org/tartarus/snowball/ext/EstonianStemmer.java for block at line 851. Keep only the first 100 references.
WARN: Too many duplication references on file lucene/analysis/common/src/java/org/tartarus/snowball/ext/EstonianStemmer.java for block at line 849. Keep only the first 100 references.
WARN: Too many duplication references on file lucene/analysis/common/src/java/org/tartarus/snowball/ext/EstonianStemmer.java for block at line 849. Keep only the first 100 references.
WARN: Too many duplication references on file lucene/analysis/common/src/java/org/tartarus/snowball/ext/EstonianStemmer.java for block at line 851. Keep only the first 100 references.
WARN: Too many duplication references on file lucene/analysis/common/src/java/org/tartarus/snowball/ext/EstonianStemmer.java for block at line 849. Keep only the first 100 references.
WARN: Too many duplication references on file lucene/analysis/common/src/java/org/tartarus/snowball/ext/EstonianStemmer.java for block at line 851. Keep only the first 100 references.
WARN: Too many duplication references on file lucene/analysis/common/src/java/org/tartarus/snowball/ext/EstonianStemmer.java for block at line 849. Keep only the first 100 references.
WARN: Too many duplication references on file lucene/analysis/common/src/java/org/tartarus/snowball/ext/EstonianStemmer.java for block at line 851. Keep only the first 100 references.
WARN: Too many duplication references on file lucene/analysis/common/src/java/org/tartarus/snowball/ext/EstonianStemmer.java for block at line 849. Keep only the first 100 references.
WARN: Too many duplication groups on file lucene/backward-codecs/src/java/org/apache/lucene/backward_codecs/lucene84/Lucene84PostingsReader.java. Keep only the first 100 groups.
WARN: Too many duplication references on file lucene/analysis/common/src/java/org/tartarus/snowball/ext/YiddishStemmer.java for block at line 688. Keep only the first 100 references.
WARN: Too many duplication references on file lucene/analysis/common/src/java/org/tartarus/snowball/ext/YiddishStemmer.java for block at line 689. Keep only the first 100 references.
WARN: Too many duplication references on file lucene/analysis/common/src/java/org/tartarus/snowball/ext/YiddishStemmer.java for block at line 579. Keep only the first 100 references.
WARN: Too many duplication references on file lucene/analysis/common/src/java/org/tartarus/snowball/ext/YiddishStemmer.java for block at line 581. Keep only the first 100 references.
WARN: Too many duplication references on file lucene/analysis/common/src/java/org/tartarus/snowball/ext/YiddishStemmer.java for block at line 579. Keep only the first 100 references.
WARN: Too many duplication references on file lucene/analysis/common/src/java/org/tartarus/snowball/ext/YiddishStemmer.java for block at line 581. Keep only the first 100 references.
WARN: Too many duplication references on file lucene/analysis/common/src/java/org/tartarus/snowball/ext/YiddishStemmer.java for block at line 579. Keep only the first 100 references.
WARN: Too many duplication references on file lucene/analysis/common/src/java/org/tartarus/snowball/ext/YiddishStemmer.java for block at line 581. Keep only the first 100 references.
WARN: Too many duplication references on file lucene/analysis/common/src/java/org/tartarus/snowball/ext/YiddishStemmer.java for block at line 579. Keep only the first 100 references.
WARN: Too many duplication references on file lucene/analysis/common/src/java/org/tartarus/snowball/ext/YiddishStemmer.java for block at line 581. Keep only the first 100 references.
WARN: Too many duplication references on file lucene/analysis/common/src/java/org/tartarus/snowball/ext/YiddishStemmer.java for block at line 579. Keep only the first 100 references.
WARN: Too many duplication references on file lucene/analysis/common/src/java/org/tartarus/snowball/ext/YiddishStemmer.java for block at line 581. Keep only the first 100 references.
WARN: Too many duplication references on file lucene/analysis/common/src/java/org/tartarus/snowball/ext/YiddishStemmer.java for block at line 579. Keep only the first 100 references.
WARN: Too many duplication references on file lucene/analysis/common/src/java/org/tartarus/snowball/ext/YiddishStemmer.java for block at line 581. Keep only the first 100 references.
WARN: Too many duplication references on file lucene/analysis/common/src/java/org/tartarus/snowball/ext/YiddishStemmer.java for block at line 579. Keep only the first 100 references.
WARN: Too many duplication references on file lucene/analysis/common/src/java/org/tartarus/snowball/ext/YiddishStemmer.java for block at line 581. Keep only the first 100 references.
WARN: Too many duplication references on file lucene/analysis/common/src/java/org/tartarus/snowball/ext/YiddishStemmer.java for block at line 579. Keep only the first 100 references.
WARN: Too many duplication references on file lucene/analysis/common/src/java/org/tartarus/snowball/ext/YiddishStemmer.java for block at line 581. Keep only the first 100 references.
WARN: Too many duplication references on file lucene/analysis/common/src/java/org/tartarus/snowball/ext/YiddishStemmer.java for block at line 579. Keep only the first 100 references.
WARN: Too many duplication references on file lucene/analysis/common/src/java/org/tartarus/snowball/ext/YiddishStemmer.java for block at line 581. Keep only the first 100 references.
WARN: Too many duplication references on file lucene/analysis/common/src/java/org/tartarus/snowball/ext/YiddishStemmer.java for block at line 579. Keep only the first 100 references.
WARN: Too many duplication references on file lucene/analysis/common/src/java/org/tartarus/snowball/ext/YiddishStemmer.java for block at line 579. Keep only the first 100 references.
WARN: Too many duplication references on file lucene/analysis/common/src/java/org/tartarus/snowball/ext/YiddishStemmer.java for block at line 581. Keep only the first 100 references.
WARN: Too many duplication references on file lucene/analysis/common/src/java/org/tartarus/snowball/ext/YiddishStemmer.java for block at line 579. Keep only the first 100 references.
WARN: Too many duplication references on file lucene/analysis/common/src/java/org/tartarus/snowball/ext/YiddishStemmer.java for block at line 581. Keep only the first 100 references.
WARN: Too many duplication references on file lucene/analysis/common/src/java/org/tartarus/snowball/ext/YiddishStemmer.java for block at line 579. Keep only the first 100 references.
WARN: Too many duplication references on file lucene/analysis/common/src/java/org/tartarus/snowball/ext/YiddishStemmer.java for block at line 281. Keep only the first 100 references.
WARN: Too many duplication references on file lucene/analysis/common/src/java/org/tartarus/snowball/ext/YiddishStemmer.java for block at line 282. Keep only the first 100 references.
WARN: Too many duplication references on file lucene/analysis/common/src/java/org/tartarus/snowball/ext/DutchStemmer.java for block at line 86. Keep only the first 100 references.
WARN: Too many duplication references on file lucene/analysis/common/src/java/org/tartarus/snowball/ext/FrenchStemmer.java for block at line 449. Keep only the first 100 references.
WARN: Too many duplication groups on file lucene/backward-codecs/src/java/org/apache/lucene/backward_codecs/lucene99/Lucene99PostingsReader.java. Keep only the first 100 groups.
WARN: Too many duplication references on file lucene/analysis/common/src/java/org/tartarus/snowball/ext/BasqueStemmer.java for block at line 697. Keep only the first 100 references.
WARN: Too many duplication references on file lucene/analysis/common/src/java/org/tartarus/snowball/ext/BasqueStemmer.java for block at line 698. Keep only the first 100 references.
WARN: Too many duplication references on file lucene/analysis/common/src/java/org/tartarus/snowball/ext/BasqueStemmer.java for block at line 697. Keep only the first 100 references.
WARN: Too many duplication references on file lucene/analysis/common/src/java/org/tartarus/snowball/ext/BasqueStemmer.java for block at line 698. Keep only the first 100 references.
WARN: Too many duplication references on file lucene/analysis/common/src/java/org/tartarus/snowball/ext/ArabicStemmer.java for block at line 318. Keep only the first 100 references.
WARN: Too many duplication references on file lucene/analysis/common/src/java/org/tartarus/snowball/ext/ArabicStemmer.java for block at line 317. Keep only the first 100 references.
WARN: Too many duplication references on file lucene/analysis/common/src/java/org/tartarus/snowball/ext/ArabicStemmer.java for block at line 317. Keep only the first 100 references.
WARN: Too many duplication references on file lucene/analysis/common/src/java/org/tartarus/snowball/ext/ArabicStemmer.java for block at line 318. Keep only the first 100 references.
WARN: Too many duplication references on file lucene/analysis/common/src/java/org/tartarus/snowball/ext/ArabicStemmer.java for block at line 318. Keep only the first 100 references.
WARN: Too many duplication references on file lucene/analysis/common/src/java/org/tartarus/snowball/ext/ArabicStemmer.java for block at line 317. Keep only the first 100 references.
WARN: Too many duplication references on file lucene/analysis/common/src/java/org/tartarus/snowball/ext/ArabicStemmer.java for block at line 318. Keep only the first 100 references.
WARN: Too many duplication references on file lucene/analysis/common/src/java/org/tartarus/snowball/ext/ArabicStemmer.java for block at line 317. Keep only the first 100 references.
WARN: Too many duplication references on file lucene/analysis/common/src/java/org/tartarus/snowball/ext/ArabicStemmer.java for block at line 318. Keep only the first 100 references.
WARN: Too many duplication references on file lucene/analysis/common/src/java/org/tartarus/snowball/ext/ArabicStemmer.java for block at line 317. Keep only the first 100 references.
WARN: Too many duplication references on file lucene/analysis/common/src/java/org/tartarus/snowball/ext/ArabicStemmer.java for block at line 318. Keep only the first 100 references.
WARN: Too many duplication references on file lucene/analysis/common/src/java/org/tartarus/snowball/ext/ArabicStemmer.java for block at line 317. Keep only the first 100 references.
WARN: Too many duplication references on file lucene/analysis/common/src/java/org/tartarus/snowball/ext/ArabicStemmer.java for block at line 318. Keep only the first 100 references.
WARN: Too many duplication references on file lucene/analysis/common/src/java/org/tartarus/snowball/ext/ArabicStemmer.java for block at line 317. Keep only the first 100 references.
WARN: Too many duplication references on file lucene/analysis/common/src/java/org/tartarus/snowball/ext/ArabicStemmer.java for block at line 318. Keep only the first 100 references.
WARN: Too many duplication references on file lucene/analysis/common/src/java/org/tartarus/snowball/ext/ArabicStemmer.java for block at line 317. Keep only the first 100 references.
WARN: Too many duplication references on file lucene/analysis/common/src/java/org/tartarus/snowball/ext/ArabicStemmer.java for block at line 318. Keep only the first 100 references.
WARN: Too many duplication references on file lucene/analysis/common/src/java/org/tartarus/snowball/ext/ArabicStemmer.java for block at line 317. Keep only the first 100 references.
WARN: Too many duplication references on file lucene/analysis/common/src/java/org/tartarus/snowball/ext/ArabicStemmer.java for block at line 318. Keep only the first 100 references.
WARN: Too many duplication references on file lucene/analysis/common/src/java/org/tartarus/snowball/ext/ArabicStemmer.java for block at line 317. Keep only the first 100 references.
WARN: Too many duplication references on file lucene/analysis/common/src/java/org/tartarus/snowball/ext/ArabicStemmer.java for block at line 318. Keep only the first 100 references.
WARN: Too many duplication references on file lucene/analysis/common/src/java/org/tartarus/snowball/ext/ArabicStemmer.java for block at line 317. Keep only the first 100 references.
WARN: Too many duplication references on file lucene/analysis/common/src/java/org/tartarus/snowball/ext/ArabicStemmer.java for block at line 318. Keep only the first 100 references.
WARN: Too many duplication references on file lucene/analysis/common/src/java/org/tartarus/snowball/ext/ArabicStemmer.java for block at line 318. Keep only the first 100 references.
WARN: Too many duplication references on file lucene/analysis/common/src/java/org/tartarus/snowball/ext/ArabicStemmer.java for block at line 317. Keep only the first 100 references.
WARN: Too many duplication references on file lucene/analysis/common/src/java/org/tartarus/snowball/ext/ArabicStemmer.java for block at line 318. Keep only the first 100 references.
WARN: Too many duplication references on file lucene/analysis/common/src/java/org/tartarus/snowball/ext/ArabicStemmer.java for block at line 317. Keep only the first 100 references.
WARN: Too many duplication references on file lucene/analysis/common/src/java/org/tartarus/snowball/ext/ArabicStemmer.java for block at line 318. Keep only the first 100 references.
WARN: Too many duplication references on file lucene/analysis/common/src/java/org/tartarus/snowball/ext/ArabicStemmer.java for block at line 317. Keep only the first 100 references.
WARN: Too many duplication references on file lucene/analysis/common/src/java/org/tartarus/snowball/ext/ArabicStemmer.java for block at line 318. Keep only the first 100 references.
WARN: Too many duplication references on file lucene/analysis/common/src/java/org/tartarus/snowball/ext/CatalanStemmer.java for block at line 675. Keep only the first 100 references.
WARN: Too many duplication references on file lucene/analysis/common/src/java/org/tartarus/snowball/ext/CatalanStemmer.java for block at line 677. Keep only the first 100 references.
WARN: Too many duplication references on file lucene/analysis/common/src/java/org/tartarus/snowball/ext/CatalanStemmer.java for block at line 675. Keep only the first 100 references.
WARN: Too many duplication references on file lucene/analysis/common/src/java/org/tartarus/snowball/ext/IrishStemmer.java for block at line 196. Keep only the first 100 references.
WARN: Too many duplication references on file lucene/analysis/common/src/java/org/tartarus/snowball/ext/IrishStemmer.java for block at line 197. Keep only the first 100 references.
WARN: Too many duplication references on file lucene/analysis/common/src/java/org/tartarus/snowball/ext/IrishStemmer.java for block at line 197. Keep only the first 100 references.
WARN: Too many duplication references on file lucene/analysis/common/src/java/org/tartarus/snowball/ext/IrishStemmer.java for block at line 196. Keep only the first 100 references.
WARN: Too many duplication references on file lucene/analysis/common/src/java/org/tartarus/snowball/ext/IrishStemmer.java for block at line 197. Keep only the first 100 references.
WARN: Too many duplication references on file lucene/analysis/common/src/java/org/tartarus/snowball/ext/IrishStemmer.java for block at line 196. Keep only the first 100 references.
WARN: Too many duplication references on file lucene/analysis/common/src/java/org/tartarus/snowball/ext/IrishStemmer.java for block at line 197. Keep only the first 100 references.
WARN: Too many duplication references on file lucene/analysis/common/src/java/org/tartarus/snowball/ext/IrishStemmer.java for block at line 196. Keep only the first 100 references.
WARN: Too many duplication references on file lucene/analysis/common/src/java/org/tartarus/snowball/ext/IrishStemmer.java for block at line 197. Keep only the first 100 references.
WARN: Too many duplication references on file lucene/analysis/common/src/java/org/tartarus/snowball/ext/ItalianStemmer.java for block at line 259. Keep only the first 100 references.
WARN: Too many duplication references on file lucene/analysis/common/src/java/org/tartarus/snowball/ext/ItalianStemmer.java for block at line 261. Keep only the first 100 references.
WARN: Too many duplication references on file lucene/analysis/common/src/java/org/tartarus/snowball/ext/ItalianStemmer.java for block at line 259. Keep only the first 100 references.
WARN: Too many duplication references on file lucene/analysis/common/src/java/org/tartarus/snowball/ext/SpanishStemmer.java for block at line 430. Keep only the first 100 references.
INFO: CPD Executor CPD calculation finished (done) | time=619ms
INFO: Analysis report generated in 617ms, dir size=62.9 MB
INFO: Analysis report compressed in 3629ms, zip size=24.5 MB
INFO: Analysis report uploaded in 144ms
INFO: ANALYSIS SUCCESSFUL, you can find the results at: http://localhost:9000/dashboard?id=apache-lucene-10
INFO: Note that you will be able to access the updated dashboard once the server has processed the submitted analysis report
INFO: More about the report processing at http://localhost:9000/api/ce/task?id=fcafe1ff-399a-4649-b33a-89c524ff2d8f
INFO: Analysis total time: 2:55.967 s
INFO: ------------------------------------------------------------------------
INFO: EXECUTION SUCCESS
INFO: ------------------------------------------------------------------------
INFO: Total time: 2:56.673s
INFO: Final Memory: 322M/1128M
INFO: ------------------------------------------------------------------------
