To honour the JVM settings for this build a single-use Daemon process will be forked. For more on this, please refer to https://docs.gradle.org/8.14.3/userguide/gradle_daemon.html#sec:disabling_the_daemon in the Gradle documentation.
Daemon will be stopped at the end of the build 
*** Android SDK is required. To avoid building Android projects, set -PskipAndroid=true
> Task :buildSrc:compileJava UP-TO-DATE
> Task :buildSrc:compileGroovy NO-SOURCE
> Task :buildSrc:processResources NO-SOURCE
> Task :buildSrc:classes UP-TO-DATE
> Task :buildSrc:jar UP-TO-DATE

> Configure project :grpc-compiler
*** Building codegen requires Protobuf
*** Please refer to https://github.com/grpc/grpc-java/blob/master/COMPILING.md#how-to-build-code-generation-plugin
!!! Javac does not support generating Java 7 bytecode. Do not use for release builds !!!
WARNING:We recommend using a newer Android Gradle plugin to use compileSdk = 34

This Android Gradle plugin (7.4.1) was tested up to compileSdk = 33

This warning can be suppressed by adding
    android.suppressUnsupportedCompileSdk=34
to this project's gradle.properties

The build will continue, but you are strongly encouraged to update your project to
use a newer Android Gradle Plugin that has been tested with compileSdk = 34
WARNING:We recommend using a newer Android Gradle plugin to use compileSdk = 34

This Android Gradle plugin (7.4.1) was tested up to compileSdk = 33

This warning can be suppressed by adding
    android.suppressUnsupportedCompileSdk=34
to this project's gradle.properties

The build will continue, but you are strongly encouraged to update your project to
use a newer Android Gradle Plugin that has been tested with compileSdk = 34

> Task :compileJava NO-SOURCE
> Task :processResources NO-SOURCE
> Task :classes UP-TO-DATE
> Task :jar
> Task :assemble
> Task :grpc-all:checkUpperBoundDeps
> Task :grpc-api:compileContextJava UP-TO-DATE
> Task :grpc-api:processContextResources NO-SOURCE
> Task :grpc-api:contextClasses UP-TO-DATE
> Task :grpc-api:compileJava UP-TO-DATE
> Task :grpc-auth:compileJava UP-TO-DATE
> Task :grpc-core:compileJava UP-TO-DATE
> Task :grpc-alts:protobufDummy UP-TO-DATE
> Task :grpc-api:processResources NO-SOURCE
> Task :grpc-auth:processResources NO-SOURCE
> Task :grpc-context:processResources NO-SOURCE
> Task :grpc-core:processResources UP-TO-DATE
> Task :grpc-netty:processResources UP-TO-DATE
> Task :grpc-protobuf:protobufDummy UP-TO-DATE
> Task :grpc-protobuf:extractProto UP-TO-DATE
> Task :grpc-protobuf:processResources NO-SOURCE
> Task :grpc-protobuf-lite:protobufDummy UP-TO-DATE
> Task :grpc-protobuf-lite:extractProto UP-TO-DATE
> Task :grpc-protobuf-lite:processResources NO-SOURCE
> Task :grpc-stub:processResources NO-SOURCE
> Task :grpc-util:processResources UP-TO-DATE
> Task :grpc-alts:extractIncludeProto UP-TO-DATE
> Task :grpc-alts:extractProto UP-TO-DATE
> Task :grpc-context:compileJava NO-SOURCE
> Task :grpc-netty:compileJava UP-TO-DATE
> Task :grpc-api:classes UP-TO-DATE
> Task :grpc-api:jar UP-TO-DATE
> Task :grpc-context:classes UP-TO-DATE
> Task :grpc-context:jar UP-TO-DATE
> Task :grpc-core:classes UP-TO-DATE

> Task :grpc-compiler:compileJava_pluginExecutableJava_pluginCpp FAILED
In file included from /home/mateus/Documentos/artigos-tcc/repos/tcc/projetos-clonados/grpc-java/compiler/src/java_plugin/cpp/java_plugin.cpp:24:
/home/mateus/Documentos/artigos-tcc/repos/tcc/projetos-clonados/grpc-java/compiler/src/java_plugin/cpp/java_generator.h:24:10: fatal error: google/protobuf/io/zero_copy_stream.h: Arquivo ou diretório inexistente
   24 | #include <google/protobuf/io/zero_copy_stream.h>
      |          ^~~~~~~~~~~~~~~~~~~~~~~~~~~~~~~~~~~~~~~
compilation terminated.

In file included from /home/mateus/Documentos/artigos-tcc/repos/tcc/projetos-clonados/grpc-java/compiler/src/java_plugin/cpp/java_generator.cpp:41:
/home/mateus/Documentos/artigos-tcc/repos/tcc/projetos-clonados/grpc-java/compiler/src/java_plugin/cpp/java_generator.h:24:10: fatal error: google/protobuf/io/zero_copy_stream.h: Arquivo ou diretório inexistente
   24 | #include <google/protobuf/io/zero_copy_stream.h>
      |          ^~~~~~~~~~~~~~~~~~~~~~~~~~~~~~~~~~~~~~~
compilation terminated.

/home/mateus/Documentos/artigos-tcc/repos/tcc/projetos-clonados/grpc-java/compiler/src/java_plugin/cpp/java_generator.h:24:10: fatal error: google/protobuf/io/zero_copy_stream.h: Arquivo ou diretório inexistente
   24 | #include <google/protobuf/io/zero_copy_stream.h>
      |          ^~~~~~~~~~~~~~~~~~~~~~~~~~~~~~~~~~~~~~~
compilation terminated.


[Incubating] Problems report is available at: file:///home/mateus/Documentos/artigos-tcc/repos/tcc/projetos-clonados/grpc-java/build/reports/problems/problems-report.html

FAILURE: Build completed with 2 failures.

1: Task failed with an exception.
-----------
* What went wrong:
Execution failed for task ':grpc-compiler:compileJava_pluginExecutableJava_pluginCpp'.
> Multiple build operations failed.
      C++ compiler failed while compiling java_plugin.cpp.
      C++ compiler failed while compiling java_generator.cpp.
      C++ compiler failed while compiling java_generator.h.
  See the complete log at: file:///home/mateus/Documentos/artigos-tcc/repos/tcc/projetos-clonados/grpc-java/compiler/build/tmp/compileJava_pluginExecutableJava_pluginCpp/output.txt
   > C++ compiler failed while compiling java_plugin.cpp.
   > C++ compiler failed while compiling java_generator.cpp.
   > C++ compiler failed while compiling java_generator.h.

* Try:
> Run with --stacktrace option to get the stack trace.
> Run with --info or --debug option to get more log output.
> Run with --scan to get full insights.
> Get more help at https://help.gradle.org.
==============================================================================

2: Task failed with an exception.
-----------
* What went wrong:
Configuration `:grpc-android-interop-testing:debugRuntimeClasspath` contains AndroidX dependencies, but the `android.useAndroidX` property is not enabled, which may cause runtime issues.
Set `android.useAndroidX=true` in the `gradle.properties` file and retry.
The following AndroidX dependencies are detected:
:grpc-android-interop-testing:debugRuntimeClasspath -> androidx.appcompat:appcompat:1.3.0
:grpc-android-interop-testing:debugRuntimeClasspath -> androidx.annotation:annotation:1.9.0
:grpc-android-interop-testing:debugRuntimeClasspath -> androidx.annotation:annotation:1.9.0 -> androidx.annotation:annotation-jvm:1.9.0
:grpc-android-interop-testing:debugRuntimeClasspath -> androidx.appcompat:appcompat:1.3.0 -> androidx.core:core:1.5.0
:grpc-android-interop-testing:debugRuntimeClasspath -> androidx.appcompat:appcompat:1.3.0 -> androidx.lifecycle:lifecycle-runtime:2.3.1
:grpc-android-interop-testing:debugRuntimeClasspath -> androidx.appcompat:appcompat:1.3.0 -> androidx.lifecycle:lifecycle-runtime:2.3.1 -> androidx.arch.core:core-runtime:2.1.0
:grpc-android-interop-testing:debugRuntimeClasspath -> androidx.appcompat:appcompat:1.3.0 -> androidx.savedstate:savedstate:1.1.0 -> androidx.arch.core:core-common:2.1.0
:grpc-android-interop-testing:debugRuntimeClasspath -> androidx.appcompat:appcompat:1.3.0 -> androidx.savedstate:savedstate:1.1.0 -> androidx.lifecycle:lifecycle-common:2.3.1
:grpc-android-interop-testing:debugRuntimeClasspath -> androidx.appcompat:appcompat:1.3.0 -> androidx.core:core:1.5.0 -> androidx.versionedparcelable:versionedparcelable:1.1.1
:grpc-android-interop-testing:debugRuntimeClasspath -> androidx.appcompat:appcompat:1.3.0 -> androidx.collection:collection:1.1.0
:grpc-android-interop-testing:debugRuntimeClasspath -> androidx.appcompat:appcompat:1.3.0 -> androidx.cursoradapter:cursoradapter:1.0.0
:grpc-android-interop-testing:debugRuntimeClasspath -> androidx.appcompat:appcompat:1.3.0 -> androidx.activity:activity:1.2.3
:grpc-android-interop-testing:debugRuntimeClasspath -> androidx.appcompat:appcompat:1.3.0 -> androidx.lifecycle:lifecycle-viewmodel:2.3.1
:grpc-android-interop-testing:debugRuntimeClasspath -> androidx.appcompat:appcompat:1.3.0 -> androidx.savedstate:savedstate:1.1.0
:grpc-android-interop-testing:debugRuntimeClasspath -> androidx.appcompat:appcompat:1.3.0 -> androidx.fragment:fragment:1.3.4 -> androidx.lifecycle:lifecycle-viewmodel-savedstate:2.3.1
:grpc-android-interop-testing:debugRuntimeClasspath -> androidx.appcompat:appcompat:1.3.0 -> androidx.fragment:fragment:1.3.4 -> androidx.lifecycle:lifecycle-livedata-core:2.3.1
:grpc-android-interop-testing:debugRuntimeClasspath -> androidx.appcompat:appcompat:1.3.0 -> androidx.activity:activity:1.2.3 -> androidx.tracing:tracing:1.1.0
:grpc-android-interop-testing:debugRuntimeClasspath -> androidx.appcompat:appcompat:1.3.0 -> androidx.fragment:fragment:1.3.4
:grpc-android-interop-testing:debugRuntimeClasspath -> androidx.appcompat:appcompat:1.3.0 -> androidx.fragment:fragment:1.3.4 -> androidx.viewpager:viewpager:1.0.0
:grpc-android-interop-testing:debugRuntimeClasspath -> androidx.appcompat:appcompat:1.3.0 -> androidx.drawerlayout:drawerlayout:1.0.0 -> androidx.customview:customview:1.0.0
:grpc-android-interop-testing:debugRuntimeClasspath -> androidx.appcompat:appcompat:1.3.0 -> androidx.fragment:fragment:1.3.4 -> androidx.loader:loader:1.0.0
:grpc-android-interop-testing:debugRuntimeClasspath -> androidx.appcompat:appcompat:1.3.0 -> androidx.fragment:fragment:1.3.4 -> androidx.loader:loader:1.0.0 -> androidx.lifecycle:lifecycle-livedata:2.0.0
:grpc-android-interop-testing:debugRuntimeClasspath -> androidx.appcompat:appcompat:1.3.0 -> androidx.fragment:fragment:1.3.4 -> androidx.annotation:annotation-experimental:1.0.0
:grpc-android-interop-testing:debugRuntimeClasspath -> androidx.appcompat:appcompat:1.3.0 -> androidx.appcompat:appcompat-resources:1.3.0
:grpc-android-interop-testing:debugRuntimeClasspath -> androidx.appcompat:appcompat:1.3.0 -> androidx.appcompat:appcompat-resources:1.3.0 -> androidx.vectordrawable:vectordrawable:1.1.0
:grpc-android-interop-testing:debugRuntimeClasspath -> androidx.appcompat:appcompat:1.3.0 -> androidx.appcompat:appcompat-resources:1.3.0 -> androidx.vectordrawable:vectordrawable-animated:1.1.0
:grpc-android-interop-testing:debugRuntimeClasspath -> androidx.appcompat:appcompat:1.3.0 -> androidx.appcompat:appcompat-resources:1.3.0 -> androidx.vectordrawable:vectordrawable-animated:1.1.0 -> androidx.interpolator:interpolator:1.0.0
:grpc-android-interop-testing:debugRuntimeClasspath -> androidx.appcompat:appcompat:1.3.0 -> androidx.drawerlayout:drawerlayout:1.0.0
:grpc-android-interop-testing:debugRuntimeClasspath -> androidx.multidex:multidex:2.0.0
:grpc-android-interop-testing:debugRuntimeClasspath -> androidx.test:rules:1.6.1
:grpc-android-interop-testing:debugRuntimeClasspath -> androidx.test:rules:1.6.1 -> androidx.test:runner:1.6.1
:grpc-android-interop-testing:debugRuntimeClasspath -> androidx.test:rules:1.6.1 -> androidx.test:runner:1.6.1 -> androidx.test.services:storage:1.5.0
:grpc-android-interop-testing:debugRuntimeClasspath -> androidx.test:rules:1.6.1 -> androidx.test:runner:1.6.1 -> androidx.test:monitor:1.7.1

* Try:
> Run with --stacktrace option to get the stack trace.
> Run with --info or --debug option to get more log output.
> Run with --scan to get full insights.
> Get more help at https://help.gradle.org.
==============================================================================

BUILD FAILED in 36s
19 actionable tasks: 3 executed, 16 up-to-date
