INFO: Scanner configuration file: /home/mateus/Documentos/artigos-tcc/repos/tcc/sonarqube-docker/sonar-scanner-5.0.1.3006-linux/conf/sonar-scanner.properties
INFO: Project root configuration file: NONE
INFO: SonarScanner 5.0.1.3006
INFO: Java 17.0.7 Eclipse Adoptium (64-bit)
INFO: Linux 6.12.74+deb12-amd64 amd64
INFO: User cache: /home/mateus/.sonar/cache
INFO: Analyzing on SonarQube server 26.2.0.119303
INFO: Default locale: "pt_BR", source code encoding: "UTF-8"
WARN: Java 17 scanner support ends with SonarQube 2026.3 (July 2026). Please upgrade to Java 21 or newer, or use JRE auto-provisioning to keep this requirement always up to date.
INFO: Load global settings
INFO: Load global settings (done) | time=52ms
INFO: Server id: 147B411E-AZxiei4aNYKBggPWvmPT
INFO: Loading required plugins
INFO: Load plugins index
INFO: Load plugins index (done) | time=26ms
INFO: Load/download plugins
INFO: Load/download plugins (done) | time=15ms
INFO: Process project properties
INFO: Process project properties (done) | time=11ms
INFO: Project key: google-guava-01
INFO: Base dir: /home/mateus/Documentos/artigos-tcc/repos/tcc/projetos-clonados/guava
INFO: Working dir: /home/mateus/Documentos/artigos-tcc/repos/tcc/projetos-clonados/guava/.scannerwork
INFO: Load project settings for component key: 'google-guava-01'
INFO: Load quality profiles
INFO: Load quality profiles (done) | time=74ms
INFO: Load active rules
INFO: Load active rules (done) | time=215ms
INFO: Load analysis cache
INFO: Load analysis cache (404) | time=5ms
INFO: Preprocessing files...
WARN: File '/home/mateus/Documentos/artigos-tcc/repos/tcc/projetos-clonados/guava/.git/objects/pack/pack-02dfcf2adff7cc13184a0eeaa1b8aa7fa4e04ed6.pack' is bigger than 20MB and as consequence is removed from the analysis scope.
INFO: 7 languages detected in 5986 preprocessed files (done) | time=736ms
INFO: Loading plugins for detected languages
INFO: Load/download plugins
INFO: Load/download plugins (done) | time=21ms
INFO: Load project repositories
INFO: Load project repositories (done) | time=5ms
INFO: Indexing files...
INFO: Project configuration:
INFO: 5986 files indexed (done) | time=347ms
INFO: Quality profile for java: Sonar way
INFO: Quality profile for js: Sonar way
INFO: Quality profile for json: Sonar way
INFO: Quality profile for kotlin: Sonar way
INFO: Quality profile for web: Sonar way
INFO: Quality profile for xml: Sonar way
INFO: Quality profile for yaml: Sonar way
INFO: ------------- Run sensors on module guava
INFO: Load metrics repository
INFO: Load metrics repository (done) | time=18ms
INFO: Reflections took 48 ms to scan 1 urls, producing 24 keys and 257 values
INFO: Sensor JavaSensor [java]
INFO: Configured Java source version (sonar.java.source): 11, preview features enabled (sonar.java.enablePreview): false
INFO: Server-side caching is enabled. The Java analyzer will not try to leverage data from a previous analysis.
INFO: Using ECJ batch to parse 3242 Main java source files with batch size 390 KB.
INFO: Starting batch processing.
INFO: The Java analyzer cannot skip unchanged files in this context. A full analysis is performed for all files.
INFO: 100% analyzed
INFO: Batch processing: Done.
INFO: Did not optimize analysis for any files, performed a full analysis for all 3242 files.
WARN: Dependencies/libraries were not provided for analysis of SOURCE files. The 'sonar.java.libraries' property is empty. Verify your configuration, as you might end up with less precise results.
WARN: Unresolved imports/types have been detected during analysis. Enable DEBUG mode to see them.
WARN: Use of preview features have been detected during analysis. Enable DEBUG mode to see them.
INFO: No "Test" source files to scan.
INFO: No "Generated" source files to scan.
INFO: Sensor JavaSensor [java] (done) | time=84739ms
INFO: Sensor SurefireSensor [java]
INFO: parsing [/home/mateus/Documentos/artigos-tcc/repos/tcc/projetos-clonados/guava/target/surefire-reports]
INFO: Sensor SurefireSensor [java] (done) | time=1ms
INFO: Sensor HTML [web]
INFO: Sensor HTML [web] (done) | time=22ms
INFO: Sensor XML Sensor [xml]
INFO: 33 source files to be analyzed
INFO: 33/33 source files have been analyzed
INFO: Sensor XML Sensor [xml] (done) | time=210ms
INFO: Sensor JaCoCo XML Report Importer [jacoco]
INFO: 'sonar.coverage.jacoco.xmlReportPaths' is not defined. Using default locations: target/site/jacoco/jacoco.xml,target/site/jacoco-it/jacoco.xml,build/reports/jacoco/test/jacocoTestReport.xml
INFO: No report imported, no coverage information will be imported by JaCoCo XML Report Importer
INFO: Sensor JaCoCo XML Report Importer [jacoco] (done) | time=1ms
INFO: Sensor Kotlin Sensor [kotlin]
INFO: Sensor Kotlin Sensor [kotlin] (done) | time=5ms
INFO: Sensor Gradle Sensor [kotlin]
INFO: 2 source files to be analyzed
INFO: 2/2 source files have been analyzed
INFO: Sensor Gradle Sensor [kotlin] (done) | time=1234ms
INFO: Sensor KotlinSurefireSensor [kotlin]
INFO: parsing [/home/mateus/Documentos/artigos-tcc/repos/tcc/projetos-clonados/guava/target/surefire-reports]
INFO: Sensor KotlinSurefireSensor [kotlin] (done) | time=0ms
INFO: Sensor IaC CloudFormation Sensor [iac]
INFO: There are no files to be analyzed for the CloudFormation language
INFO: Sensor IaC CloudFormation Sensor [iac] (done) | time=4ms
INFO: Sensor IaC cfn-lint report Sensor [iac]
INFO: Sensor IaC cfn-lint report Sensor [iac] (done) | time=0ms
INFO: Sensor IaC hadolint report Sensor [iac]
INFO: Sensor IaC hadolint report Sensor [iac] (done) | time=0ms
INFO: Sensor IaC Azure Resource Manager Sensor [iac]
INFO: There are no files to be analyzed for the Azure Resource Manager language
INFO: Sensor IaC Azure Resource Manager Sensor [iac] (done) | time=2ms
INFO: Sensor Java Config Sensor [iac]
INFO: There are no files to be analyzed for the Java language
INFO: Sensor Java Config Sensor [iac] (done) | time=37ms
INFO: Sensor IaC Docker Sensor [iac]
INFO: There are no files to be analyzed for the Docker language
INFO: Sensor IaC Docker Sensor [iac] (done) | time=31ms
INFO: Sensor JavaScript/TypeScript analysis [javascript]
INFO: Detected os: Linux arch: amd64 alpine: false. Platform: LINUX_X64
INFO: Deploy location /home/mateus/.sonar/js/node-runtime, tagetRuntime: /home/mateus/.sonar/js/node-runtime/node,  version: /home/mateus/.sonar/js/node-runtime/version.txt
INFO: Using embedded Node.js runtime.
INFO: Using Node.js executable: '/home/mateus/.sonar/js/node-runtime/node'.
INFO: Memory configuration: OS (29790 MB), Node.js (4288 MB).
INFO: WebSocket client connected on /ws
INFO: Plugin version: [11.8.0.37897]
INFO: Using generated tsconfig.json file using wildcards /tmp/tsconfig-Y7XyOH.json
INFO: Found 1 tsconfig.json file(s): [/tmp/tsconfig-Y7XyOH.json]
INFO: 2 source files to be analyzed
INFO: Creating TypeScript program
INFO: TypeScript(5.9.3) configuration file /tmp/tsconfig-Y7XyOH.json
INFO: 2/2 source files have been analyzed
INFO: Hit the cache for 0 out of 2
INFO: Miss the cache for 2 out of 2: ANALYSIS_MODE_INELIGIBLE [2/2]
INFO: Sensor JavaScript/TypeScript analysis [javascript] (done) | time=3265ms
INFO: Sensor JavaScript inside HTML analysis [javascript]
INFO: 1 source file to be analyzed
INFO: 1/1 source file has been analyzed
INFO: Hit the cache for 0 out of 1
INFO: Miss the cache for 1 out of 1: ANALYSIS_MODE_INELIGIBLE [1/1]
INFO: Sensor JavaScript inside HTML analysis [javascript] (done) | time=28ms
INFO: Sensor CSS Rules [javascript]
INFO: 1 source file to be analyzed
INFO: 1/1 source file has been analyzed
INFO: Hit the cache for 0 out of 0
INFO: Miss the cache for 0 out of 0
INFO: Sensor CSS Rules [javascript] (done) | time=38ms
INFO: Sensor TextAndSecretsSensor [text]
INFO: Available processors: 16
INFO: Using 16 threads for analysis.
INFO: The property "sonar.tests" is not set. To improve the analysis accuracy, we categorize a file as a test file if any of the following is true:
  * The filename starts with "test"
  * The filename contains "test." or "tests."
  * Any directory in the file path is named: "doc", "docs", "test", "tests", "mock" or "mocks"
  * Any directory in the file path has a name ending in "test" or "tests"

INFO: Start fetching files for the text and secrets analysis
INFO: Using Git CLI to retrieve dirty files
INFO: Retrieving language associated files and files included via "sonar.text.inclusions" that are tracked by git
INFO: Starting the text and secrets analysis
INFO: 3299 source files to be analyzed for the text and secrets analysis
WARN: Invalid character encountered in file /home/mateus/Documentos/artigos-tcc/repos/tcc/projetos-clonados/guava/.mvn/wrapper/maven-wrapper.jar at line 2 for encoding UTF-8. Please fix file content or configure the encoding to be used using property 'sonar.sourceEncoding'.
WARN: The file '.mvn/wrapper/maven-wrapper.jar' contains binary data and will not be included in the text and secrets analysis.
WARN: Please check this file and/or remove the extension from the 'sonar.text.inclusions' property.
INFO: 3299/3299 source files have been analyzed for the text and secrets analysis
INFO: Sensor TextAndSecretsSensor [text] (done) | time=845ms
INFO: ------------- Run sensors on project
INFO: Sensor KotlinProjectSensor [kotlin]
INFO: Sensor KotlinProjectSensor [kotlin] (done) | time=1ms
INFO: Sensor JavaProjectSensor [java]
INFO: Sensor JavaProjectSensor [java] (done) | time=1ms
INFO: Sensor Zero Coverage Sensor
INFO: Sensor Zero Coverage Sensor (done) | time=168ms
INFO: Sensor Java CPD Block Indexer
INFO: Sensor Java CPD Block Indexer (done) | time=2089ms
INFO: ------------- Gather SCA dependencies on project
INFO: Dependency analysis skipped
INFO: SCM Publisher is disabled
INFO: CPD Executor 500 files had no CPD blocks
INFO: CPD Executor Calculating CPD for 2745 files
INFO: CPD Executor CPD calculation finished (done) | time=663ms
INFO: Analysis report generated in 579ms, dir size=56.1 MB
INFO: Analysis report compressed in 3056ms, zip size=20.9 MB
INFO: Analysis report uploaded in 529ms
INFO: ANALYSIS SUCCESSFUL, you can find the results at: http://localhost:9000/dashboard?id=google-guava-01
INFO: Note that you will be able to access the updated dashboard once the server has processed the submitted analysis report
INFO: More about the report processing at http://localhost:9000/api/ce/task?id=36f9d073-1354-4eca-ba5c-56b0f82a01bf
INFO: Analysis total time: 1:41.217 s
INFO: ------------------------------------------------------------------------
INFO: EXECUTION SUCCESS
INFO: ------------------------------------------------------------------------
INFO: Total time: 1:41.934s
INFO: Final Memory: 56M/280M
INFO: ------------------------------------------------------------------------
