To honour the JVM settings for this build a single-use Daemon process will be forked. For more on this, please refer to https://docs.gradle.org/8.6/userguide/gradle_daemon.html#sec:disabling_the_daemon in the Gradle documentation.
Daemon will be stopped at the end of the build 

> Configure project :
Inferred project: concurrency-limits, version: 0.6.0-SNAPSHOT
Unable to convert https://github.com/Netflix/concurrency-limits to https form in MavenScmPlugin. Using original value.
Unable to convert https://github.com/Netflix/concurrency-limits to https form in MavenScmPlugin. Using original value.
Unable to convert https://github.com/Netflix/concurrency-limits to https form in MavenScmPlugin. Using original value.
Unable to convert https://github.com/Netflix/concurrency-limits to https form in MavenScmPlugin. Using original value.
Unable to convert https://github.com/Netflix/concurrency-limits to https form in MavenScmPlugin. Using original value.
Path for java installation '/usr/lib/jvm/openjdk-17' (Common Linux Locations) does not contain a java executable

FAILURE: Build failed with an exception.

* What went wrong:
A problem occurred configuring project ':concurrency-limits-servlet-jakarta'.
> Failed to calculate the value of task ':concurrency-limits-servlet-jakarta:compileJava' property 'javaCompiler'.
   > Cannot find a Java installation on your machine matching this tasks requirements: {languageVersion=11, vendor=any, implementation=vendor-specific} for LINUX on x86_64.
      > No locally installed toolchains match and toolchain download repositories have not been configured.

* Try:
> Learn more about toolchain auto-detection at https://docs.gradle.org/8.6/userguide/toolchains.html#sec:auto_detection.
> Learn more about toolchain repositories at https://docs.gradle.org/8.6/userguide/toolchains.html#sub:download_repositories.
> Run with --stacktrace option to get the stack trace.
> Run with --info or --debug option to get more log output.
> Run with --scan to get full insights.
> Get more help at https://help.gradle.org.

BUILD FAILED in 8s
