INFO: Scanner configuration file: /home/mateus/Documentos/artigos-tcc/repos/tcc/sonarqube-docker/sonar-scanner-5.0.1.3006-linux/conf/sonar-scanner.properties
INFO: Project root configuration file: NONE
INFO: SonarScanner 5.0.1.3006
INFO: Java 17.0.7 Eclipse Adoptium (64-bit)
INFO: Linux 6.12.74+deb12-amd64 amd64
INFO: User cache: /home/mateus/.sonar/cache
INFO: Analyzing on SonarQube server 26.2.0.119303
INFO: Default locale: "pt_BR", source code encoding: "UTF-8"
WARN: Java 17 scanner support ends with SonarQube 2026.3 (July 2026). Please upgrade to Java 21 or newer, or use JRE auto-provisioning to keep this requirement always up to date.
INFO: Load global settings
INFO: Load global settings (done) | time=55ms
INFO: Server id: 147B411E-AZxiei4aNYKBggPWvmPT
INFO: Loading required plugins
INFO: Load plugins index
INFO: Load plugins index (done) | time=32ms
INFO: Load/download plugins
INFO: Load/download plugins (done) | time=21ms
INFO: Process project properties
INFO: Process project properties (done) | time=10ms
INFO: Project key: uber-nullaway-01
INFO: Base dir: /home/mateus/Documentos/artigos-tcc/repos/tcc/projetos-clonados/NullAway
INFO: Working dir: /home/mateus/Documentos/artigos-tcc/repos/tcc/projetos-clonados/NullAway/.scannerwork
INFO: Load project settings for component key: 'uber-nullaway-01'
INFO: Load quality profiles
INFO: Load quality profiles (done) | time=52ms
INFO: Load active rules
INFO: Load active rules (done) | time=188ms
INFO: Load analysis cache
INFO: Load analysis cache (404) | time=4ms
INFO: Preprocessing files...
INFO: 1 language detected in 174 preprocessed files (done) | time=91ms
INFO: Loading plugins for detected languages
INFO: Load/download plugins
INFO: Load/download plugins (done) | time=4ms
INFO: Load project repositories
INFO: Load project repositories (done) | time=4ms
INFO: Indexing files...
INFO: Project configuration:
INFO: 174 files indexed (done) | time=10ms
INFO: Quality profile for java: Sonar way
INFO: ------------- Run sensors on module NullAway
INFO: Load metrics repository
INFO: Load metrics repository (done) | time=14ms
INFO: Sensor JavaSensor [java]
INFO: Configured Java source version (sonar.java.source): 11, preview features enabled (sonar.java.enablePreview): false
INFO: Server-side caching is enabled. The Java analyzer will not try to leverage data from a previous analysis.
INFO: Using ECJ batch to parse 173 Main java source files with batch size 390 KB.
INFO: Starting batch processing.
INFO: The Java analyzer cannot skip unchanged files in this context. A full analysis is performed for all files.
ERROR: Unable to parse source file : 'jdk-javac-plugin/src/main/java/com/uber/nullaway/javacplugin/NullnessAnnotationSerializer.java'
ERROR: Parse error at line 262 column 21: Arrow in case statement supported from Java 14 onwards only
ERROR: Unable to parse source file : 'jdk-annotations/astubx-generator/src/main/java/com/uber/nullaway/jdkannotations/AstubxGenerator.java'
ERROR: Parse error at line 278 column 9: Arrow in case statement supported from Java 14 onwards only
INFO: 100% analyzed
INFO: Batch processing: Done.
INFO: Did not optimize analysis for any files, performed a full analysis for all 173 files.
WARN: Dependencies/libraries were not provided for analysis of SOURCE files. The 'sonar.java.libraries' property is empty. Verify your configuration, as you might end up with less precise results.
WARN: Unresolved imports/types have been detected during analysis. Enable DEBUG mode to see them.
WARN: Use of preview features have been detected during analysis. Enable DEBUG mode to see them.
INFO: No "Test" source files to scan.
INFO: No "Generated" source files to scan.
INFO: Sensor JavaSensor [java] (done) | time=4923ms
INFO: Sensor JaCoCo XML Report Importer [jacoco]
INFO: 'sonar.coverage.jacoco.xmlReportPaths' is not defined. Using default locations: target/site/jacoco/jacoco.xml,target/site/jacoco-it/jacoco.xml,build/reports/jacoco/test/jacocoTestReport.xml
INFO: No report imported, no coverage information will be imported by JaCoCo XML Report Importer
INFO: Sensor JaCoCo XML Report Importer [jacoco] (done) | time=0ms
INFO: Sensor IaC hadolint report Sensor [iac]
INFO: Sensor IaC hadolint report Sensor [iac] (done) | time=1ms
INFO: Sensor Java Config Sensor [iac]
INFO: There are no files to be analyzed for the Java language
INFO: Sensor Java Config Sensor [iac] (done) | time=4ms
INFO: Sensor IaC Docker Sensor [iac]
INFO: There are no files to be analyzed for the Docker language
INFO: Sensor IaC Docker Sensor [iac] (done) | time=2ms
INFO: Sensor SurefireSensor [java]
INFO: parsing [/home/mateus/Documentos/artigos-tcc/repos/tcc/projetos-clonados/NullAway/target/surefire-reports]
INFO: Sensor SurefireSensor [java] (done) | time=1ms
INFO: Sensor TextAndSecretsSensor [text]
INFO: Available processors: 16
INFO: Using 16 threads for analysis.
INFO: The property "sonar.tests" is not set. To improve the analysis accuracy, we categorize a file as a test file if any of the following is true:
  * The filename starts with "test"
  * The filename contains "test." or "tests."
  * Any directory in the file path is named: "doc", "docs", "test", "tests", "mock" or "mocks"
  * Any directory in the file path has a name ending in "test" or "tests"

INFO: Start fetching files for the text and secrets analysis
INFO: Using Git CLI to retrieve dirty files
INFO: Retrieving language associated files and files included via "sonar.text.inclusions" that are tracked by git
INFO: Starting the text and secrets analysis
INFO: 173 source files to be analyzed for the text and secrets analysis
INFO: 173/173 source files have been analyzed for the text and secrets analysis
INFO: Sensor TextAndSecretsSensor [text] (done) | time=368ms
INFO: ------------- Run sensors on project
INFO: Sensor JavaProjectSensor [java]
INFO: Sensor JavaProjectSensor [java] (done) | time=1ms
INFO: Sensor Zero Coverage Sensor
INFO: Sensor Zero Coverage Sensor (done) | time=16ms
INFO: Sensor Java CPD Block Indexer
INFO: Sensor Java CPD Block Indexer (done) | time=123ms
INFO: ------------- Gather SCA dependencies on project
INFO: Dependency analysis skipped
INFO: SCM Publisher is disabled
INFO: CPD Executor 68 files had no CPD blocks
INFO: CPD Executor Calculating CPD for 105 files
INFO: CPD Executor CPD calculation finished (done) | time=23ms
INFO: Analysis report generated in 138ms, dir size=2.2 MB
INFO: Analysis report compressed in 131ms, zip size=856.9 kB
INFO: Analysis report uploaded in 330ms
INFO: ANALYSIS SUCCESSFUL, you can find the results at: http://localhost:9000/dashboard?id=uber-nullaway-01
INFO: Note that you will be able to access the updated dashboard once the server has processed the submitted analysis report
INFO: More about the report processing at http://localhost:9000/api/ce/task?id=b95bb4c2-4ed9-4c59-bdb8-bb6981d4004d
INFO: Analysis total time: 7.361 s
INFO: ------------------------------------------------------------------------
INFO: EXECUTION SUCCESS
INFO: ------------------------------------------------------------------------
INFO: Total time: 8.160s
INFO: Final Memory: 25M/188M
INFO: ------------------------------------------------------------------------
